<?xml version="1.0" encoding="UTF-8"?>
<!-- Generated by org.testng.reporters.JUnitXMLReporter -->
<testsuite ignored="0" hostname="LAPTOP-IR2R7PQ0" failures="0" tests="5" name="Test" time="38.187" errors="0" timestamp="2023-04-17T23:15:49 IST">
  <testcase classname="Tests.TestFour" name="testFour" time="0.014"/>
  <testcase classname="Tests.TestThree" name="testThree" time="0.002"/>
  <testcase classname="Tests.TestTwo" name="testTwo" time="0.001"/>
  <testcase classname="Tests.LoginTest" name="login" time="13.735"/>
  <testcase classname="Tests.LoginTest" name="login" time="13.762"/>
</testsuite> <!-- Test -->
