<?xml version="1.0" encoding="UTF-8"?>
<!-- Generated by org.testng.reporters.JUnitXMLReporter -->
<testsuite ignored="0" hostname="LAPTOP-IR2R7PQ0" failures="0" tests="6" name="Test" time="48.169" errors="0" timestamp="2023-04-17T18:44:45 IST">
  <testcase classname="Tests.TestFour" name="testFour" time="0.005"/>
  <testcase classname="Tests.TestThree" name="testThree" time="0.001"/>
  <testcase classname="Tests.TestTwo" name="testTwo" time="0.0"/>
  <testcase classname="Tests.Login" name="login" time="13.911"/>
  <testcase classname="Tests.Login" name="login" time="4.032"/>
  <testcase classname="Tests.Login" name="login" time="13.854"/>
</testsuite> <!-- Test -->
